0 info it worked if it ends with ok
1 verbose cli [ '/usr/local/bin/node',
1 verbose cli   '/usr/local/bin/npm',
1 verbose cli   'install',
1 verbose cli   'jwt-simple',
1 verbose cli   '--save' ]
2 info using npm@1.4.28
3 info using node@v0.13.0-pre
4 verbose readDependencies using package.json deps
5 verbose cache add [ 'jwt-simple', null ]
6 verbose cache add name=undefined spec="jwt-simple" args=["jwt-simple",null]
7 verbose parsed url { protocol: null,
7 verbose parsed url   slashes: null,
7 verbose parsed url   auth: null,
7 verbose parsed url   host: null,
7 verbose parsed url   port: null,
7 verbose parsed url   hostname: null,
7 verbose parsed url   hash: null,
7 verbose parsed url   search: null,
7 verbose parsed url   query: null,
7 verbose parsed url   pathname: 'jwt-simple',
7 verbose parsed url   path: 'jwt-simple',
7 verbose parsed url   href: 'jwt-simple' }
8 silly lockFile 0a70d9b6-jwt-simple jwt-simple
9 verbose lock jwt-simple /home/aluca/.npm/0a70d9b6-jwt-simple.lock
10 silly lockFile 0a70d9b6-jwt-simple jwt-simple
11 silly lockFile 0a70d9b6-jwt-simple jwt-simple
12 verbose addNamed [ 'jwt-simple', '' ]
13 verbose addNamed [ null, '*' ]
14 silly lockFile 58318aa9-jwt-simple jwt-simple@
15 verbose lock jwt-simple@ /home/aluca/.npm/58318aa9-jwt-simple.lock
16 silly addNameRange { name: 'jwt-simple', range: '*', hasData: false }
17 verbose request where is /jwt-simple
18 verbose request registry https://registry.npmjs.org/
19 verbose request id 5154767a9845b817
20 verbose url raw /jwt-simple
21 verbose url resolving [ 'https://registry.npmjs.org/', './jwt-simple' ]
22 verbose url resolved https://registry.npmjs.org/jwt-simple
23 verbose request where is https://registry.npmjs.org/jwt-simple
24 info trying registry request attempt 1 at 13:13:45
25 verbose etag "8BKIJR9Y0BL8ZAEQ1QQ99IMDX"
26 http GET https://registry.npmjs.org/jwt-simple
27 http 200 https://registry.npmjs.org/jwt-simple
28 silly registry.get cb [ 200,
28 silly registry.get   { server: 'CouchDB/1.5.0 (Erlang OTP/R16B03)',
28 silly registry.get     etag: '"7G04J42N8907ADU0PEQ6O80BA"',
28 silly registry.get     'content-type': 'application/json',
28 silly registry.get     'cache-control': 'max-age=300',
28 silly registry.get     'content-length': '8607',
28 silly registry.get     'accept-ranges': 'bytes',
28 silly registry.get     date: 'Tue, 26 Jan 2016 11:11:03 GMT',
28 silly registry.get     via: '1.1 varnish',
28 silly registry.get     age: '106',
28 silly registry.get     connection: 'close',
28 silly registry.get     'x-served-by': 'cache-ams4120-AMS',
28 silly registry.get     'x-cache': 'HIT',
28 silly registry.get     'x-cache-hits': '1',
28 silly registry.get     'x-timer': 'S1453806663.206590,VS0,VE0',
28 silly registry.get     vary: 'Accept' } ]
29 silly addNameRange number 2 { name: 'jwt-simple', range: '*', hasData: true }
30 silly addNameRange versions [ 'jwt-simple',
30 silly addNameRange   [ '0.1.0', '0.2.0', '0.3.0', '0.3.1', '0.4.0', '0.4.1' ] ]
31 verbose addNamed [ 'jwt-simple', '0.4.1' ]
32 verbose addNamed [ '0.4.1', '0.4.1' ]
33 silly lockFile bb7980dd-jwt-simple-0-4-1 jwt-simple@0.4.1
34 verbose lock jwt-simple@0.4.1 /home/aluca/.npm/bb7980dd-jwt-simple-0-4-1.lock
35 silly lockFile 97137cab--jwt-simple-jwt-simple-0-4-1-tgz https://registry.npmjs.org/jwt-simple/-/jwt-simple-0.4.1.tgz
36 verbose lock https://registry.npmjs.org/jwt-simple/-/jwt-simple-0.4.1.tgz /home/aluca/.npm/97137cab--jwt-simple-jwt-simple-0-4-1-tgz.lock
37 verbose addRemoteTarball [ 'https://registry.npmjs.org/jwt-simple/-/jwt-simple-0.4.1.tgz',
37 verbose addRemoteTarball   'b7ffea3e9f547a66ccfd4b1fbf850ab0649d4ef7' ]
38 info retry fetch attempt 1 at 13:13:46
39 verbose fetch to= /tmp/npm-23453-X-dCerwk/registry.npmjs.org/jwt-simple/-/jwt-simple-0.4.1.tgz
40 http GET https://registry.npmjs.org/jwt-simple/-/jwt-simple-0.4.1.tgz
41 http 200 https://registry.npmjs.org/jwt-simple/-/jwt-simple-0.4.1.tgz
42 silly lockFile 97137cab--jwt-simple-jwt-simple-0-4-1-tgz https://registry.npmjs.org/jwt-simple/-/jwt-simple-0.4.1.tgz
43 silly lockFile 97137cab--jwt-simple-jwt-simple-0-4-1-tgz https://registry.npmjs.org/jwt-simple/-/jwt-simple-0.4.1.tgz
44 silly lockFile bb7980dd-jwt-simple-0-4-1 jwt-simple@0.4.1
45 silly lockFile bb7980dd-jwt-simple-0-4-1 jwt-simple@0.4.1
46 silly lockFile 58318aa9-jwt-simple jwt-simple@
47 silly lockFile 58318aa9-jwt-simple jwt-simple@
48 error Error: EACCES, mkdir '/home/aluca/.npm/jwt-simple/0.4.1'
48 error     at Error (native)
48 error  { [Error: EACCES, mkdir '/home/aluca/.npm/jwt-simple/0.4.1']
48 error   stack: 'Error: EACCES, mkdir \'/home/aluca/.npm/jwt-simple/0.4.1\'\n    at Error (native)',
48 error   errno: -13,
48 error   code: 'EACCES',
48 error   path: '/home/aluca/.npm/jwt-simple/0.4.1',
48 error   parent: 'GMAN' }
49 error Please try running this command again as root/Administrator.
50 error System Linux 3.13.0-46-generic
51 error command "/usr/local/bin/node" "/usr/local/bin/npm" "install" "jwt-simple" "--save"
52 error cwd /home/aluca/Documents/Docs/web/GMAN_Boilerplate
53 error node -v v0.13.0-pre
54 error npm -v 1.4.28
55 error path /home/aluca/.npm/jwt-simple/0.4.1
56 error code EACCES
57 error errno -13
58 error stack Error: EACCES, mkdir '/home/aluca/.npm/jwt-simple/0.4.1'
58 error stack     at Error (native)
59 verbose exit [ -13, true ]
